<?xml version="1.0" encoding="UTF-8"?>
<testng-results skipped="0" failed="0" ignored="0" total="1" passed="1">
  <reporter-output>
  </reporter-output>
  <suite name="Suite" duration-ms="33" started-at="2019-04-30T08:15:21Z" finished-at="2019-04-30T08:15:21Z">
    <groups>
    </groups>
    <test name="Test" duration-ms="33" started-at="2019-04-30T08:15:21Z" finished-at="2019-04-30T08:15:21Z">
      <class name="programs.Program1">
        <test-method status="PASS" signature="q1()[pri:0, instance:programs.Program1@4f4a7090]" name="q1" duration-ms="8" started-at="2019-04-30T08:15:21Z" finished-at="2019-04-30T08:15:21Z">
          <reporter-output>
          </reporter-output>
        </test-method> <!-- q1 -->
      </class> <!-- programs.Program1 -->
    </test> <!-- Test -->
  </suite> <!-- Suite -->
</testng-results>
